<?xml version="1.0" encoding="UTF-8"?>
<!-- Generated by org.testng.reporters.JUnitXMLReporter -->
<testsuite hostname="SQE" name="Test" tests="16" failures="0" timestamp="3 Jan 2017 11:22:28 GMT" time="14.074" errors="0">
  <testcase name="@BeforeClass Login" time="0.0" classname="foodniche_project.Signupuser">
    <failure type="org.openqa.selenium.WebDriverException" message="unknown error: cannot get automation extension
from chrome not reachable
  (Session info: chrome=55.0.2883.87)
  (Driver info: chromedriver=2.26.436362 (5476ec6bf7ccbada1734a0cdec7d570bb042aa30),platform=Windows NT 6.2.9200 x86_64) (WARNING: The server did not provide any stacktrace information)
Command duration or timeout: 2.37 seconds
Build info: version: &amp;apos;2.53.0&amp;apos;, revision: &amp;apos;35ae25b1534ae328c771e0856c93e187490ca824&amp;apos;, time: &amp;apos;2016-03-15 10:43:46&amp;apos;
System info: host: &amp;apos;SQE&amp;apos;, ip: &amp;apos;192.168.100.9&amp;apos;, os.name: &amp;apos;Windows 8&amp;apos;, os.arch: &amp;apos;amd64&amp;apos;, os.version: &amp;apos;6.2&amp;apos;, java.version: &amp;apos;1.8.0_40&amp;apos;
Driver info: org.openqa.selenium.chrome.ChromeDriver
Capabilities [{applicationCacheEnabled=false, rotatable=false, mobileEmulationEnabled=false, networkConnectionEnabled=false, chrome={chromedriverVersion=2.26.436362 (5476ec6bf7ccbada1734a0cdec7d570bb042aa30), userDataDir=C:\Users\Shubham\AppData\Local\Temp\scoped_dir6668_16713}, takesHeapSnapshot=true, pageLoadStrategy=normal, databaseEnabled=false, handlesAlerts=true, hasTouchScreen=false, version=55.0.2883.87, platform=WIN8, browserConnectionEnabled=false, nativeEvents=true, acceptSslCerts=true, locationContextEnabled=true, webStorageEnabled=true, browserName=chrome, takesScreenshot=true, javascriptEnabled=true, cssSelectorsEnabled=true, unexpectedAlertBehaviour=}]
Session ID: a23b86d826c523c0fec1a13f2c6c005e">
      <![CDATA[org.openqa.selenium.WebDriverException: unknown error: cannot get automation extension
from chrome not reachable
  (Session info: chrome=55.0.2883.87)
  (Driver info: chromedriver=2.26.436362 (5476ec6bf7ccbada1734a0cdec7d570bb042aa30),platform=Windows NT 6.2.9200 x86_64) (WARNING: The server did not provide any stacktrace information)
Command duration or timeout: 2.37 seconds
Build info: version: '2.53.0', revision: '35ae25b1534ae328c771e0856c93e187490ca824', time: '2016-03-15 10:43:46'
System info: host: 'SQE', ip: '192.168.100.9', os.name: 'Windows 8', os.arch: 'amd64', os.version: '6.2', java.version: '1.8.0_40'
Driver info: org.openqa.selenium.chrome.ChromeDriver
Capabilities [{applicationCacheEnabled=false, rotatable=false, mobileEmulationEnabled=false, networkConnectionEnabled=false, chrome={chromedriverVersion=2.26.436362 (5476ec6bf7ccbada1734a0cdec7d570bb042aa30), userDataDir=C:\Users\Shubham\AppData\Local\Temp\scoped_dir6668_16713}, takesHeapSnapshot=true, pageLoadStrategy=normal, databaseEnabled=false, handlesAlerts=true, hasTouchScreen=false, version=55.0.2883.87, platform=WIN8, browserConnectionEnabled=false, nativeEvents=true, acceptSslCerts=true, locationContextEnabled=true, webStorageEnabled=true, browserName=chrome, takesScreenshot=true, javascriptEnabled=true, cssSelectorsEnabled=true, unexpectedAlertBehaviour=}]
Session ID: a23b86d826c523c0fec1a13f2c6c005e
	at org.openqa.selenium.remote.ErrorHandler.createThrowable(ErrorHandler.java:206)
	at org.openqa.selenium.remote.ErrorHandler.throwIfResponseFailed(ErrorHandler.java:158)
	at org.openqa.selenium.remote.RemoteWebDriver.execute(RemoteWebDriver.java:678)
	at org.openqa.selenium.remote.RemoteWebDriver$RemoteWebDriverOptions$RemoteWindow.maximize(RemoteWebDriver.java:945)
	at Reusable.Sauce_Instance_Signup_Test.Login(Sauce_Instance_Signup_Test.java:93)
	at org.apache.maven.surefire.testng.TestNGExecutor.run(TestNGExecutor.java:281)
	at org.apache.maven.surefire.testng.TestNGXmlTestSuite.execute(TestNGXmlTestSuite.java:75)
	at org.apache.maven.surefire.testng.TestNGProvider.invoke(TestNGProvider.java:121)
	at org.apache.maven.surefire.booter.ForkedBooter.invokeProviderInSameClassLoader(ForkedBooter.java:290)
	at org.apache.maven.surefire.booter.ForkedBooter.runSuitesInProcess(ForkedBooter.java:242)
	at org.apache.maven.surefire.booter.ForkedBooter.main(ForkedBooter.java:121)
... Removed 25 stack frames]]>
    </failure>
  </testcase> <!-- @BeforeClass Login -->
  <testcase name="@AfterClass Logout" time="0.0" classname="foodniche_project.Signupuser">
    <skipped/>
  </testcase> <!-- @AfterClass Logout -->
  <testcase name="@BeforeClass Login" time="0.0" classname="foodniche_project.Signin_and_forgot_password">
    <failure type="org.openqa.selenium.WebDriverException" message="unknown error: cannot get automation extension
from chrome not reachable
  (Session info: chrome=55.0.2883.87)
  (Driver info: chromedriver=2.26.436362 (5476ec6bf7ccbada1734a0cdec7d570bb042aa30),platform=Windows NT 6.2.9200 x86_64) (WARNING: The server did not provide any stacktrace information)
Command duration or timeout: 4.09 seconds
Build info: version: &amp;apos;2.53.0&amp;apos;, revision: &amp;apos;35ae25b1534ae328c771e0856c93e187490ca824&amp;apos;, time: &amp;apos;2016-03-15 10:43:46&amp;apos;
System info: host: &amp;apos;SQE&amp;apos;, ip: &amp;apos;192.168.100.9&amp;apos;, os.name: &amp;apos;Windows 8&amp;apos;, os.arch: &amp;apos;amd64&amp;apos;, os.version: &amp;apos;6.2&amp;apos;, java.version: &amp;apos;1.8.0_40&amp;apos;
Driver info: org.openqa.selenium.chrome.ChromeDriver
Capabilities [{applicationCacheEnabled=false, rotatable=false, mobileEmulationEnabled=false, networkConnectionEnabled=false, chrome={chromedriverVersion=2.26.436362 (5476ec6bf7ccbada1734a0cdec7d570bb042aa30), userDataDir=C:\Users\Shubham\AppData\Local\Temp\scoped_dir9976_13659}, takesHeapSnapshot=true, pageLoadStrategy=normal, databaseEnabled=false, handlesAlerts=true, hasTouchScreen=false, version=55.0.2883.87, platform=WIN8, browserConnectionEnabled=false, nativeEvents=true, acceptSslCerts=true, locationContextEnabled=true, webStorageEnabled=true, browserName=chrome, takesScreenshot=true, javascriptEnabled=true, cssSelectorsEnabled=true, unexpectedAlertBehaviour=}]
Session ID: 17532926779adb5954422723d0acdcb8">
      <![CDATA[org.openqa.selenium.WebDriverException: unknown error: cannot get automation extension
from chrome not reachable
  (Session info: chrome=55.0.2883.87)
  (Driver info: chromedriver=2.26.436362 (5476ec6bf7ccbada1734a0cdec7d570bb042aa30),platform=Windows NT 6.2.9200 x86_64) (WARNING: The server did not provide any stacktrace information)
Command duration or timeout: 4.09 seconds
Build info: version: '2.53.0', revision: '35ae25b1534ae328c771e0856c93e187490ca824', time: '2016-03-15 10:43:46'
System info: host: 'SQE', ip: '192.168.100.9', os.name: 'Windows 8', os.arch: 'amd64', os.version: '6.2', java.version: '1.8.0_40'
Driver info: org.openqa.selenium.chrome.ChromeDriver
Capabilities [{applicationCacheEnabled=false, rotatable=false, mobileEmulationEnabled=false, networkConnectionEnabled=false, chrome={chromedriverVersion=2.26.436362 (5476ec6bf7ccbada1734a0cdec7d570bb042aa30), userDataDir=C:\Users\Shubham\AppData\Local\Temp\scoped_dir9976_13659}, takesHeapSnapshot=true, pageLoadStrategy=normal, databaseEnabled=false, handlesAlerts=true, hasTouchScreen=false, version=55.0.2883.87, platform=WIN8, browserConnectionEnabled=false, nativeEvents=true, acceptSslCerts=true, locationContextEnabled=true, webStorageEnabled=true, browserName=chrome, takesScreenshot=true, javascriptEnabled=true, cssSelectorsEnabled=true, unexpectedAlertBehaviour=}]
Session ID: 17532926779adb5954422723d0acdcb8
	at org.openqa.selenium.remote.ErrorHandler.createThrowable(ErrorHandler.java:206)
	at org.openqa.selenium.remote.ErrorHandler.throwIfResponseFailed(ErrorHandler.java:158)
	at org.openqa.selenium.remote.RemoteWebDriver.execute(RemoteWebDriver.java:678)
	at org.openqa.selenium.remote.RemoteWebDriver$RemoteWebDriverOptions$RemoteWindow.maximize(RemoteWebDriver.java:945)
	at Reusable.Sauce_Instance_Login_Test.Login(Sauce_Instance_Login_Test.java:91)
	at org.apache.maven.surefire.testng.TestNGExecutor.run(TestNGExecutor.java:281)
	at org.apache.maven.surefire.testng.TestNGXmlTestSuite.execute(TestNGXmlTestSuite.java:75)
	at org.apache.maven.surefire.testng.TestNGProvider.invoke(TestNGProvider.java:121)
	at org.apache.maven.surefire.booter.ForkedBooter.invokeProviderInSameClassLoader(ForkedBooter.java:290)
	at org.apache.maven.surefire.booter.ForkedBooter.runSuitesInProcess(ForkedBooter.java:242)
	at org.apache.maven.surefire.booter.ForkedBooter.main(ForkedBooter.java:121)
... Removed 25 stack frames]]>
    </failure>
  </testcase> <!-- @BeforeClass Login -->
  <testcase name="@AfterClass logout" time="0.0" classname="foodniche_project.Signin_and_forgot_password">
    <skipped/>
  </testcase> <!-- @AfterClass logout -->
  <testcase name="@BeforeClass Login" time="0.0" classname="foodniche_project.Contents_by_individual_user">
    <skipped/>
  </testcase> <!-- @BeforeClass Login -->
  <testcase name="@AfterClass logout" time="0.0" classname="foodniche_project.Contents_by_individual_user">
    <skipped/>
  </testcase> <!-- @AfterClass logout -->
  <testcase name="SignUpForm" time="0.001" classname="foodniche_project.Signupuser">
    <skipped/>
  </testcase> <!-- SignUpForm -->
  <testcase name="Logout" time="0.0" classname="foodniche_project.Signin_and_forgot_password">
    <skipped/>
  </testcase> <!-- Logout -->
  <testcase name="Facebook_Signin" time="0.0" classname="foodniche_project.Signin_and_forgot_password">
    <skipped/>
  </testcase> <!-- Facebook_Signin -->
  <testcase name="Restoring_password" time="0.0" classname="foodniche_project.Signin_and_forgot_password">
    <skipped/>
  </testcase> <!-- Restoring_password -->
  <testcase name="Posting_Picture_by_Business_User" time="0.0" classname="foodniche_project.Contents_by_individual_user">
    <skipped/>
  </testcase> <!-- Posting_Picture_by_Business_User -->
  <testcase name="Editing_Pictures_by_Business_User" time="0.0" classname="foodniche_project.Contents_by_individual_user">
    <skipped/>
  </testcase> <!-- Editing_Pictures_by_Business_User -->
  <testcase name="Deleting_Pictures_Contents_by_Business_User" time="0.002" classname="foodniche_project.Contents_by_individual_user">
    <skipped/>
  </testcase> <!-- Deleting_Pictures_Contents_by_Business_User -->
  <testcase name="Posting_Video_By_Business_User" time="0.0" classname="foodniche_project.Contents_by_individual_user">
    <skipped/>
  </testcase> <!-- Posting_Video_By_Business_User -->
  <testcase name="Editing_Video_by_Business_User" time="0.001" classname="foodniche_project.Contents_by_individual_user">
    <skipped/>
  </testcase> <!-- Editing_Video_by_Business_User -->
  <testcase name="Deleting_Video_Contents_by_Business_User" time="0.001" classname="foodniche_project.Contents_by_individual_user">
    <skipped/>
  </testcase> <!-- Deleting_Video_Contents_by_Business_User -->
  <testcase name="Posting_Recipe_by_Business_User" time="0.001" classname="foodniche_project.Contents_by_individual_user">
    <skipped/>
  </testcase> <!-- Posting_Recipe_by_Business_User -->
  <testcase name="Editing_Recipe_by_Business_User" time="0.0" classname="foodniche_project.Contents_by_individual_user">
    <skipped/>
  </testcase> <!-- Editing_Recipe_by_Business_User -->
  <testcase name="Deleting_Recipe_Contents_by_Business_User" time="0.0" classname="foodniche_project.Contents_by_individual_user">
    <skipped/>
  </testcase> <!-- Deleting_Recipe_Contents_by_Business_User -->
  <testcase name="Posting_Tutorials_by_Business_User" time="0.0" classname="foodniche_project.Contents_by_individual_user">
    <skipped/>
  </testcase> <!-- Posting_Tutorials_by_Business_User -->
  <testcase name="Editing_Tutorials_by_Business_User" time="0.001" classname="foodniche_project.Contents_by_individual_user">
    <skipped/>
  </testcase> <!-- Editing_Tutorials_by_Business_User -->
  <testcase name="Deleting_Tutorials_Contents_by_Business_User" time="0.001" classname="foodniche_project.Contents_by_individual_user">
    <skipped/>
  </testcase> <!-- Deleting_Tutorials_Contents_by_Business_User -->
</testsuite> <!-- Test -->
